This is pdfTeX, Version 3.141592653-2.6-1.40.27 (MiKTeX 25.4) (preloaded format=pdflatex 2025.9.9)  10 SEP 2025 16:26
entering extended mode
 restricted \write18 enabled.
 %&-line parsing enabled.
**"./51-ZFSC vs ZFSC v2.0_en.tex"
(51-ZFSC vs ZFSC v2.0_en.tex
LaTeX2e <2025-06-01> patch level 1
L3 programming layer <2025-08-13>
! Undefined control sequence.
l.1 \section
            {Comparison: ZFSC v1.0 vs ZFSC v2.0}
? 
! Emergency stop.
l.1 
    
End of file on the terminal!

 
Here is how much of TeX's memory you used:
 16 strings out of 468133
 535 string characters out of 5430713
 427301 words of memory out of 5000000
 28733 multiletter control sequences out of 15000+600000
 626825 words of font info for 40 fonts, out of 8000000 for 9000
 1141 hyphenation exceptions out of 8191
 12i,0n,13p,107b,8s stack positions out of 10000i,1000n,20000p,200000b,200000s
!  ==> Fatal error occurred, no output PDF file produced!
